mode: atomic
github.com/aopoltorzhicky/go_kraken/rest/kraken.go:32.45,33.31 1 6
github.com/aopoltorzhicky/go_kraken/rest/kraken.go:36.2,40.3 1 6
github.com/aopoltorzhicky/go_kraken/rest/kraken.go:33.31,35.3 1 2
github.com/aopoltorzhicky/go_kraken/rest/kraken.go:43.71,51.2 7 2
github.com/aopoltorzhicky/go_kraken/rest/kraken.go:53.106,54.17 1 22
github.com/aopoltorzhicky/go_kraken/rest/kraken.go:57.2,58.15 2 22
github.com/aopoltorzhicky/go_kraken/rest/kraken.go:63.2,64.16 2 22
github.com/aopoltorzhicky/go_kraken/rest/kraken.go:68.2,68.15 1 20
github.com/aopoltorzhicky/go_kraken/rest/kraken.go:74.2,74.17 1 20
github.com/aopoltorzhicky/go_kraken/rest/kraken.go:54.17,56.3 1 8
github.com/aopoltorzhicky/go_kraken/rest/kraken.go:58.15,60.3 1 1
github.com/aopoltorzhicky/go_kraken/rest/kraken.go:60.8,62.3 1 21
github.com/aopoltorzhicky/go_kraken/rest/kraken.go:64.16,66.3 1 2
github.com/aopoltorzhicky/go_kraken/rest/kraken.go:68.15,73.3 4 1
github.com/aopoltorzhicky/go_kraken/rest/kraken.go:77.101,78.32 1 16
github.com/aopoltorzhicky/go_kraken/rest/kraken.go:82.2,82.26 1 15
github.com/aopoltorzhicky/go_kraken/rest/kraken.go:86.2,87.16 2 14
github.com/aopoltorzhicky/go_kraken/rest/kraken.go:90.2,91.20 2 13
github.com/aopoltorzhicky/go_kraken/rest/kraken.go:95.2,96.16 2 13
github.com/aopoltorzhicky/go_kraken/rest/kraken.go:100.2,100.28 1 12
github.com/aopoltorzhicky/go_kraken/rest/kraken.go:104.2,104.28 1 11
github.com/aopoltorzhicky/go_kraken/rest/kraken.go:78.32,80.3 1 1
github.com/aopoltorzhicky/go_kraken/rest/kraken.go:82.26,84.3 1 1
github.com/aopoltorzhicky/go_kraken/rest/kraken.go:87.16,89.3 1 1
github.com/aopoltorzhicky/go_kraken/rest/kraken.go:91.20,93.3 1 11
github.com/aopoltorzhicky/go_kraken/rest/kraken.go:96.16,98.3 1 1
github.com/aopoltorzhicky/go_kraken/rest/kraken.go:100.28,102.3 1 1
github.com/aopoltorzhicky/go_kraken/rest/kraken.go:107.118,109.16 2 20
github.com/aopoltorzhicky/go_kraken/rest/kraken.go:112.2,113.16 2 19
github.com/aopoltorzhicky/go_kraken/rest/kraken.go:116.2,117.41 2 11
github.com/aopoltorzhicky/go_kraken/rest/kraken.go:109.16,111.3 1 1
github.com/aopoltorzhicky/go_kraken/rest/kraken.go:113.16,115.3 1 8
github.com/aopoltorzhicky/go_kraken/rest/methods.go:11.50,13.16 2 2
github.com/aopoltorzhicky/go_kraken/rest/methods.go:16.2,16.34 1 1
github.com/aopoltorzhicky/go_kraken/rest/methods.go:13.16,15.3 1 1
github.com/aopoltorzhicky/go_kraken/rest/methods.go:21.69,23.38 2 3
github.com/aopoltorzhicky/go_kraken/rest/methods.go:28.2,29.16 2 3
github.com/aopoltorzhicky/go_kraken/rest/methods.go:32.2,32.35 1 2
github.com/aopoltorzhicky/go_kraken/rest/methods.go:23.38,25.3 1 1
github.com/aopoltorzhicky/go_kraken/rest/methods.go:25.8,27.3 1 2
github.com/aopoltorzhicky/go_kraken/rest/methods.go:29.16,31.3 1 1
github.com/aopoltorzhicky/go_kraken/rest/methods.go:37.77,39.36 2 3
github.com/aopoltorzhicky/go_kraken/rest/methods.go:44.2,45.16 2 3
github.com/aopoltorzhicky/go_kraken/rest/methods.go:48.2,48.40 1 2
github.com/aopoltorzhicky/go_kraken/rest/methods.go:39.36,41.3 1 2
github.com/aopoltorzhicky/go_kraken/rest/methods.go:41.8,43.3 1 1
github.com/aopoltorzhicky/go_kraken/rest/methods.go:45.16,47.3 1 1
github.com/aopoltorzhicky/go_kraken/rest/methods.go:53.69,55.36 2 3
github.com/aopoltorzhicky/go_kraken/rest/methods.go:62.2,63.16 2 2
github.com/aopoltorzhicky/go_kraken/rest/methods.go:66.2,66.36 1 1
github.com/aopoltorzhicky/go_kraken/rest/methods.go:55.36,59.3 1 2
github.com/aopoltorzhicky/go_kraken/rest/methods.go:59.8,61.3 1 1
github.com/aopoltorzhicky/go_kraken/rest/methods.go:63.16,65.3 1 1
github.com/aopoltorzhicky/go_kraken/rest/methods.go:70.93,74.15 2 3
github.com/aopoltorzhicky/go_kraken/rest/methods.go:77.2,77.18 1 3
github.com/aopoltorzhicky/go_kraken/rest/methods.go:80.2,81.16 2 3
github.com/aopoltorzhicky/go_kraken/rest/methods.go:84.2,84.34 1 2
github.com/aopoltorzhicky/go_kraken/rest/methods.go:74.15,76.3 1 1
github.com/aopoltorzhicky/go_kraken/rest/methods.go:77.18,79.3 1 1
github.com/aopoltorzhicky/go_kraken/rest/methods.go:81.16,83.3 1 1
github.com/aopoltorzhicky/go_kraken/rest/methods.go:88.82,94.16 3 2
github.com/aopoltorzhicky/go_kraken/rest/methods.go:97.2,97.34 1 1
github.com/aopoltorzhicky/go_kraken/rest/methods.go:94.16,96.3 1 1
github.com/aopoltorzhicky/go_kraken/rest/methods.go:101.80,105.15 2 2
github.com/aopoltorzhicky/go_kraken/rest/methods.go:108.2,109.16 2 2
github.com/aopoltorzhicky/go_kraken/rest/methods.go:112.2,112.35 1 1
github.com/aopoltorzhicky/go_kraken/rest/methods.go:105.15,107.3 1 2
github.com/aopoltorzhicky/go_kraken/rest/methods.go:109.16,111.3 1 1
github.com/aopoltorzhicky/go_kraken/rest/methods.go:116.81,120.15 2 2
github.com/aopoltorzhicky/go_kraken/rest/methods.go:123.2,124.16 2 2
github.com/aopoltorzhicky/go_kraken/rest/methods.go:127.2,127.36 1 1
github.com/aopoltorzhicky/go_kraken/rest/methods.go:120.15,122.3 1 2
github.com/aopoltorzhicky/go_kraken/rest/methods.go:124.16,126.3 1 1
