mode: atomic
github.com/aopoltorzhicky/go_kraken/websocket/parameters.go:25.41,38.2 1 3
github.com/aopoltorzhicky/go_kraken/websocket/parameters.go:41.48,54.2 1 35
github.com/aopoltorzhicky/go_kraken/websocket/parse_utils.go:14.46,15.33 1 79
github.com/aopoltorzhicky/go_kraken/websocket/parse_utils.go:23.2,23.11 1 5
github.com/aopoltorzhicky/go_kraken/websocket/parse_utils.go:15.33,17.17 2 74
github.com/aopoltorzhicky/go_kraken/websocket/parse_utils.go:21.3,21.16 1 72
github.com/aopoltorzhicky/go_kraken/websocket/parse_utils.go:17.17,20.4 2 2
github.com/aopoltorzhicky/go_kraken/websocket/parse_utils.go:26.44,29.2 2 16
github.com/aopoltorzhicky/go_kraken/websocket/parse_utils.go:31.43,33.32 2 5
github.com/aopoltorzhicky/go_kraken/websocket/parse_utils.go:36.2,40.3 1 5
github.com/aopoltorzhicky/go_kraken/websocket/parse_utils.go:33.32,35.3 1 4
github.com/aopoltorzhicky/go_kraken/websocket/parse_utils.go:43.45,44.24 1 14
github.com/aopoltorzhicky/go_kraken/websocket/parse_utils.go:45.14,49.4 1 8
github.com/aopoltorzhicky/go_kraken/websocket/parse_utils.go:50.11,52.33 2 3
github.com/aopoltorzhicky/go_kraken/websocket/parse_utils.go:55.3,58.4 1 3
github.com/aopoltorzhicky/go_kraken/websocket/parse_utils.go:60.15,62.37 2 2
github.com/aopoltorzhicky/go_kraken/websocket/parse_utils.go:65.3,68.4 1 2
github.com/aopoltorzhicky/go_kraken/websocket/parse_utils.go:69.10,73.4 1 1
github.com/aopoltorzhicky/go_kraken/websocket/parse_utils.go:52.33,54.4 1 2
github.com/aopoltorzhicky/go_kraken/websocket/parse_utils.go:62.37,64.4 1 1
github.com/aopoltorzhicky/go_kraken/websocket/parse_utils.go:78.36,79.17 1 5
github.com/aopoltorzhicky/go_kraken/websocket/parse_utils.go:84.2,85.11 2 1
github.com/aopoltorzhicky/go_kraken/websocket/parse_utils.go:79.17,81.3 1 2
github.com/aopoltorzhicky/go_kraken/websocket/parse_utils.go:81.8,81.24 1 3
github.com/aopoltorzhicky/go_kraken/websocket/parse_utils.go:81.24,83.3 1 2
github.com/aopoltorzhicky/go_kraken/websocket/parse_utils.go:88.41,89.17 1 5
github.com/aopoltorzhicky/go_kraken/websocket/parse_utils.go:94.2,95.11 2 1
github.com/aopoltorzhicky/go_kraken/websocket/parse_utils.go:89.17,91.3 1 2
github.com/aopoltorzhicky/go_kraken/websocket/parse_utils.go:91.8,91.24 1 3
github.com/aopoltorzhicky/go_kraken/websocket/parse_utils.go:91.24,93.3 1 2
github.com/aopoltorzhicky/go_kraken/websocket/transport.go:28.51,36.2 1 1
github.com/aopoltorzhicky/go_kraken/websocket/transport.go:51.30,52.17 1 4
github.com/aopoltorzhicky/go_kraken/websocket/transport.go:55.2,69.16 8 3
github.com/aopoltorzhicky/go_kraken/websocket/transport.go:75.2,77.12 3 1
github.com/aopoltorzhicky/go_kraken/websocket/transport.go:52.17,54.3 1 1
github.com/aopoltorzhicky/go_kraken/websocket/transport.go:69.16,70.39 1 2
github.com/aopoltorzhicky/go_kraken/websocket/transport.go:73.3,73.13 1 2
github.com/aopoltorzhicky/go_kraken/websocket/transport.go:70.39,72.4 1 0
github.com/aopoltorzhicky/go_kraken/websocket/transport.go:83.63,84.17 1 6
github.com/aopoltorzhicky/go_kraken/websocket/transport.go:88.2,91.16 2 5
github.com/aopoltorzhicky/go_kraken/websocket/transport.go:95.2,95.9 1 4
github.com/aopoltorzhicky/go_kraken/websocket/transport.go:103.2,105.20 3 2
github.com/aopoltorzhicky/go_kraken/websocket/transport.go:108.2,109.16 2 2
github.com/aopoltorzhicky/go_kraken/websocket/transport.go:114.2,114.12 1 1
github.com/aopoltorzhicky/go_kraken/websocket/transport.go:84.17,86.3 1 1
github.com/aopoltorzhicky/go_kraken/websocket/transport.go:91.16,93.3 1 1
github.com/aopoltorzhicky/go_kraken/websocket/transport.go:96.20,97.19 1 1
github.com/aopoltorzhicky/go_kraken/websocket/transport.go:98.20,99.51 1 1
github.com/aopoltorzhicky/go_kraken/websocket/transport.go:100.10,100.10 0 2
github.com/aopoltorzhicky/go_kraken/websocket/transport.go:105.20,107.3 1 1
github.com/aopoltorzhicky/go_kraken/websocket/transport.go:109.16,112.3 2 1
github.com/aopoltorzhicky/go_kraken/websocket/transport.go:117.34,119.2 1 1
github.com/aopoltorzhicky/go_kraken/websocket/transport.go:122.25,123.6 1 5
github.com/aopoltorzhicky/go_kraken/websocket/transport.go:123.6,124.18 1 6
github.com/aopoltorzhicky/go_kraken/websocket/transport.go:128.3,128.10 1 5
github.com/aopoltorzhicky/go_kraken/websocket/transport.go:134.3,135.17 2 4
github.com/aopoltorzhicky/go_kraken/websocket/transport.go:148.3,148.21 1 2
github.com/aopoltorzhicky/go_kraken/websocket/transport.go:151.3,151.22 1 2
github.com/aopoltorzhicky/go_kraken/websocket/transport.go:124.18,126.4 1 1
github.com/aopoltorzhicky/go_kraken/websocket/transport.go:129.21,130.10 1 1
github.com/aopoltorzhicky/go_kraken/websocket/transport.go:131.11,131.11 0 4
github.com/aopoltorzhicky/go_kraken/websocket/transport.go:135.17,136.49 1 2
github.com/aopoltorzhicky/go_kraken/websocket/transport.go:140.4,140.39 1 2
github.com/aopoltorzhicky/go_kraken/websocket/transport.go:145.4,146.10 2 1
github.com/aopoltorzhicky/go_kraken/websocket/transport.go:136.49,138.5 1 1
github.com/aopoltorzhicky/go_kraken/websocket/transport.go:140.39,144.5 2 1
github.com/aopoltorzhicky/go_kraken/websocket/transport.go:148.21,150.4 1 2
github.com/aopoltorzhicky/go_kraken/websocket/transport.go:155.37,157.2 1 1
github.com/aopoltorzhicky/go_kraken/websocket/transport.go:159.33,162.35 3 6
github.com/aopoltorzhicky/go_kraken/websocket/transport.go:165.2,165.19 1 6
github.com/aopoltorzhicky/go_kraken/websocket/transport.go:162.35,164.3 1 3
github.com/aopoltorzhicky/go_kraken/websocket/transport.go:169.22,172.17 3 3
github.com/aopoltorzhicky/go_kraken/websocket/transport.go:178.2,178.19 1 3
github.com/aopoltorzhicky/go_kraken/websocket/transport.go:172.17,173.38 1 3
github.com/aopoltorzhicky/go_kraken/websocket/transport.go:176.3,176.13 1 3
github.com/aopoltorzhicky/go_kraken/websocket/transport.go:173.38,175.4 1 1
github.com/aopoltorzhicky/go_kraken/websocket/client.go:60.62,62.2 1 1
github.com/aopoltorzhicky/go_kraken/websocket/client.go:65.32,67.13 2 2
github.com/aopoltorzhicky/go_kraken/websocket/client.go:72.2,88.10 3 2
github.com/aopoltorzhicky/go_kraken/websocket/client.go:67.13,69.3 1 1
github.com/aopoltorzhicky/go_kraken/websocket/client.go:69.8,71.3 1 1
github.com/aopoltorzhicky/go_kraken/websocket/client.go:91.37,92.6 1 12
github.com/aopoltorzhicky/go_kraken/websocket/client.go:92.6,93.10 1 59187133
github.com/aopoltorzhicky/go_kraken/websocket/client.go:99.3,99.36 1 59187172
github.com/aopoltorzhicky/go_kraken/websocket/client.go:94.21,96.10 2 5
github.com/aopoltorzhicky/go_kraken/websocket/client.go:97.11,97.11 0 59187262
github.com/aopoltorzhicky/go_kraken/websocket/client.go:99.36,102.4 2 4
github.com/aopoltorzhicky/go_kraken/websocket/client.go:106.49,108.2 1 12
github.com/aopoltorzhicky/go_kraken/websocket/client.go:110.36,112.2 1 10
github.com/aopoltorzhicky/go_kraken/websocket/client.go:114.37,115.9 1 12
github.com/aopoltorzhicky/go_kraken/websocket/client.go:116.36,118.15 2 3
github.com/aopoltorzhicky/go_kraken/websocket/client.go:121.3,123.17 3 3
github.com/aopoltorzhicky/go_kraken/websocket/client.go:126.20,129.9 3 3
github.com/aopoltorzhicky/go_kraken/websocket/client.go:131.34,133.15 2 3
github.com/aopoltorzhicky/go_kraken/websocket/client.go:141.3,141.24 1 3
github.com/aopoltorzhicky/go_kraken/websocket/client.go:118.15,120.4 1 3
github.com/aopoltorzhicky/go_kraken/websocket/client.go:123.17,125.4 1 3
github.com/aopoltorzhicky/go_kraken/websocket/client.go:133.15,137.18 4 3
github.com/aopoltorzhicky/go_kraken/websocket/client.go:137.18,139.5 1 3
github.com/aopoltorzhicky/go_kraken/websocket/client.go:145.31,154.2 8 3
github.com/aopoltorzhicky/go_kraken/websocket/client.go:156.26,157.23 1 6
github.com/aopoltorzhicky/go_kraken/websocket/client.go:161.2,170.25 7 6
github.com/aopoltorzhicky/go_kraken/websocket/client.go:157.23,159.3 1 4
github.com/aopoltorzhicky/go_kraken/websocket/client.go:173.34,175.16 2 8
github.com/aopoltorzhicky/go_kraken/websocket/client.go:178.2,178.12 1 8
github.com/aopoltorzhicky/go_kraken/websocket/client.go:175.16,177.3 1 4
github.com/aopoltorzhicky/go_kraken/websocket/client.go:181.38,183.38 2 4
github.com/aopoltorzhicky/go_kraken/websocket/client.go:196.2,196.12 1 2
github.com/aopoltorzhicky/go_kraken/websocket/client.go:183.38,191.17 3 3
github.com/aopoltorzhicky/go_kraken/websocket/client.go:191.17,194.4 2 2
github.com/aopoltorzhicky/go_kraken/websocket/client.go:199.45,200.16 1 13
github.com/aopoltorzhicky/go_kraken/websocket/client.go:203.2,203.33 1 11
github.com/aopoltorzhicky/go_kraken/websocket/client.go:210.2,211.70 2 3
github.com/aopoltorzhicky/go_kraken/websocket/client.go:229.2,229.16 1 1
github.com/aopoltorzhicky/go_kraken/websocket/client.go:232.2,232.20 1 1
github.com/aopoltorzhicky/go_kraken/websocket/client.go:200.16,202.3 1 2
github.com/aopoltorzhicky/go_kraken/websocket/client.go:203.33,205.17 2 8
github.com/aopoltorzhicky/go_kraken/websocket/client.go:208.3,208.90 1 8
github.com/aopoltorzhicky/go_kraken/websocket/client.go:205.17,207.4 1 4
github.com/aopoltorzhicky/go_kraken/websocket/client.go:211.70,217.17 6 4
github.com/aopoltorzhicky/go_kraken/websocket/client.go:227.3,227.50 1 2
github.com/aopoltorzhicky/go_kraken/websocket/client.go:217.17,219.18 2 2
github.com/aopoltorzhicky/go_kraken/websocket/client.go:224.4,225.22 2 1
github.com/aopoltorzhicky/go_kraken/websocket/client.go:219.18,223.5 3 1
github.com/aopoltorzhicky/go_kraken/websocket/client.go:229.16,231.3 1 1
github.com/aopoltorzhicky/go_kraken/websocket/client.go:235.40,239.2 3 14
github.com/aopoltorzhicky/go_kraken/websocket/client.go:241.35,242.6 1 7
github.com/aopoltorzhicky/go_kraken/websocket/client.go:242.6,243.10 1 8
github.com/aopoltorzhicky/go_kraken/websocket/client.go:244.21,246.10 2 4
github.com/aopoltorzhicky/go_kraken/websocket/client.go:247.41,248.18 1 1
github.com/aopoltorzhicky/go_kraken/websocket/client.go:248.18,251.19 2 1
github.com/aopoltorzhicky/go_kraken/websocket/client.go:251.19,253.6 1 1
github.com/aopoltorzhicky/go_kraken/websocket/client.go:259.33,260.23 1 17
github.com/aopoltorzhicky/go_kraken/websocket/client.go:266.2,266.19 1 17
github.com/aopoltorzhicky/go_kraken/websocket/client.go:260.23,261.15 1 11
github.com/aopoltorzhicky/go_kraken/websocket/client.go:264.3,264.20 1 11
github.com/aopoltorzhicky/go_kraken/websocket/client.go:261.15,263.4 1 7
github.com/aopoltorzhicky/go_kraken/websocket/client.go:269.53,270.13 1 8
github.com/aopoltorzhicky/go_kraken/websocket/client.go:273.2,275.12 3 2
github.com/aopoltorzhicky/go_kraken/websocket/client.go:283.2,284.12 2 2
github.com/aopoltorzhicky/go_kraken/websocket/client.go:288.2,288.20 1 2
github.com/aopoltorzhicky/go_kraken/websocket/client.go:270.13,272.3 1 6
github.com/aopoltorzhicky/go_kraken/websocket/client.go:275.12,276.10 1 2
github.com/aopoltorzhicky/go_kraken/websocket/client.go:277.32,278.22 1 1
github.com/aopoltorzhicky/go_kraken/websocket/client.go:279.18,280.22 1 1
github.com/aopoltorzhicky/go_kraken/websocket/client.go:284.12,287.3 2 2
github.com/aopoltorzhicky/go_kraken/websocket/client.go:291.50,296.37 4 4
github.com/aopoltorzhicky/go_kraken/websocket/client.go:304.2,304.12 1 2
github.com/aopoltorzhicky/go_kraken/websocket/client.go:296.37,299.3 2 1
github.com/aopoltorzhicky/go_kraken/websocket/client.go:299.8,299.44 1 3
github.com/aopoltorzhicky/go_kraken/websocket/client.go:299.44,301.3 1 1
github.com/aopoltorzhicky/go_kraken/websocket/client.go:301.8,303.3 1 2
github.com/aopoltorzhicky/go_kraken/websocket/client.go:307.36,313.2 5 3
github.com/aopoltorzhicky/go_kraken/websocket/client.go:315.67,317.2 1 16
github.com/aopoltorzhicky/go_kraken/websocket/client.go:319.48,322.16 3 12
github.com/aopoltorzhicky/go_kraken/websocket/client.go:325.2,325.21 1 11
github.com/aopoltorzhicky/go_kraken/websocket/client.go:371.2,371.12 1 8
github.com/aopoltorzhicky/go_kraken/websocket/client.go:322.16,324.3 1 1
github.com/aopoltorzhicky/go_kraken/websocket/client.go:327.17,330.17 3 2
github.com/aopoltorzhicky/go_kraken/websocket/client.go:333.3,333.29 1 1
github.com/aopoltorzhicky/go_kraken/websocket/client.go:335.25,338.17 3 2
github.com/aopoltorzhicky/go_kraken/websocket/client.go:341.3,343.50 3 1
github.com/aopoltorzhicky/go_kraken/websocket/client.go:345.31,348.17 3 4
github.com/aopoltorzhicky/go_kraken/websocket/client.go:352.3,352.47 1 3
github.com/aopoltorzhicky/go_kraken/websocket/client.go:367.22,367.22 0 2
github.com/aopoltorzhicky/go_kraken/websocket/client.go:368.10,369.39 1 1
github.com/aopoltorzhicky/go_kraken/websocket/client.go:330.17,332.4 1 1
github.com/aopoltorzhicky/go_kraken/websocket/client.go:338.17,340.4 1 1
github.com/aopoltorzhicky/go_kraken/websocket/client.go:348.17,350.4 1 1
github.com/aopoltorzhicky/go_kraken/websocket/client.go:352.47,354.4 1 1
github.com/aopoltorzhicky/go_kraken/websocket/client.go:354.9,361.53 6 2
github.com/aopoltorzhicky/go_kraken/websocket/client.go:361.53,363.5 1 1
github.com/aopoltorzhicky/go_kraken/websocket/client.go:363.10,363.62 1 1
github.com/aopoltorzhicky/go_kraken/websocket/client.go:363.62,365.5 1 1
github.com/aopoltorzhicky/go_kraken/websocket/client.go:374.50,377.16 3 6
github.com/aopoltorzhicky/go_kraken/websocket/client.go:381.2,382.9 2 5
github.com/aopoltorzhicky/go_kraken/websocket/client.go:386.2,387.16 2 3
github.com/aopoltorzhicky/go_kraken/websocket/client.go:390.2,392.12 3 2
github.com/aopoltorzhicky/go_kraken/websocket/client.go:377.16,379.3 1 1
github.com/aopoltorzhicky/go_kraken/websocket/client.go:382.9,384.3 1 2
github.com/aopoltorzhicky/go_kraken/websocket/client.go:387.16,389.3 1 1
github.com/aopoltorzhicky/go_kraken/websocket/client.go:396.37,398.2 1 1
github.com/aopoltorzhicky/go_kraken/websocket/client.go:401.34,405.2 3 2
github.com/aopoltorzhicky/go_kraken/websocket/client.go:409.46,411.2 1 8
github.com/aopoltorzhicky/go_kraken/websocket/client.go:414.26,419.12 4 2
github.com/aopoltorzhicky/go_kraken/websocket/client.go:423.2,423.9 1 2
github.com/aopoltorzhicky/go_kraken/websocket/client.go:419.12,422.3 2 2
github.com/aopoltorzhicky/go_kraken/websocket/client.go:424.20,425.9 1 1
github.com/aopoltorzhicky/go_kraken/websocket/client.go:426.17,428.9 2 1
github.com/aopoltorzhicky/go_kraken/websocket/client.go:433.56,444.2 4 2
github.com/aopoltorzhicky/go_kraken/websocket/client.go:447.73,459.2 4 2
github.com/aopoltorzhicky/go_kraken/websocket/client.go:462.56,473.2 4 2
github.com/aopoltorzhicky/go_kraken/websocket/client.go:476.56,487.2 4 2
github.com/aopoltorzhicky/go_kraken/websocket/client.go:490.67,502.2 4 2
github.com/aopoltorzhicky/go_kraken/websocket/client.go:505.72,516.2 4 2
github.com/aopoltorzhicky/go_kraken/websocket/client.go:519.31,526.2 4 2
github.com/aopoltorzhicky/go_kraken/websocket/factories.go:10.40,12.2 1 5
github.com/aopoltorzhicky/go_kraken/websocket/factories.go:14.83,19.9 3 3
github.com/aopoltorzhicky/go_kraken/websocket/factories.go:23.2,23.25 1 1
github.com/aopoltorzhicky/go_kraken/websocket/factories.go:46.2,46.20 1 1
github.com/aopoltorzhicky/go_kraken/websocket/factories.go:19.9,21.3 1 2
github.com/aopoltorzhicky/go_kraken/websocket/factories.go:23.25,25.12 2 9
github.com/aopoltorzhicky/go_kraken/websocket/factories.go:26.12,27.34 1 1
github.com/aopoltorzhicky/go_kraken/websocket/factories.go:28.12,29.34 1 1
github.com/aopoltorzhicky/go_kraken/websocket/factories.go:30.12,31.37 1 1
github.com/aopoltorzhicky/go_kraken/websocket/factories.go:32.12,33.38 1 1
github.com/aopoltorzhicky/go_kraken/websocket/factories.go:34.12,35.36 1 1
github.com/aopoltorzhicky/go_kraken/websocket/factories.go:36.12,37.36 1 1
github.com/aopoltorzhicky/go_kraken/websocket/factories.go:38.12,39.35 1 1
github.com/aopoltorzhicky/go_kraken/websocket/factories.go:40.12,41.43 1 1
github.com/aopoltorzhicky/go_kraken/websocket/factories.go:42.12,43.50 1 1
github.com/aopoltorzhicky/go_kraken/websocket/factories.go:51.42,53.2 1 4
github.com/aopoltorzhicky/go_kraken/websocket/factories.go:55.84,57.9 2 2
github.com/aopoltorzhicky/go_kraken/websocket/factories.go:60.2,71.8 1 1
github.com/aopoltorzhicky/go_kraken/websocket/factories.go:57.9,59.3 1 1
github.com/aopoltorzhicky/go_kraken/websocket/factories.go:76.40,78.2 1 4
github.com/aopoltorzhicky/go_kraken/websocket/factories.go:80.83,83.9 3 2
github.com/aopoltorzhicky/go_kraken/websocket/factories.go:86.2,86.28 1 1
github.com/aopoltorzhicky/go_kraken/websocket/factories.go:99.2,99.20 1 1
github.com/aopoltorzhicky/go_kraken/websocket/factories.go:83.9,85.3 1 1
github.com/aopoltorzhicky/go_kraken/websocket/factories.go:86.28,98.3 3 2
github.com/aopoltorzhicky/go_kraken/websocket/factories.go:104.40,106.2 1 6
github.com/aopoltorzhicky/go_kraken/websocket/factories.go:108.83,110.9 2 4
github.com/aopoltorzhicky/go_kraken/websocket/factories.go:113.2,120.8 1 3
github.com/aopoltorzhicky/go_kraken/websocket/factories.go:110.9,112.3 1 1
github.com/aopoltorzhicky/go_kraken/websocket/factories.go:125.36,127.2 1 5
github.com/aopoltorzhicky/go_kraken/websocket/factories.go:129.81,134.9 3 3
github.com/aopoltorzhicky/go_kraken/websocket/factories.go:137.2,138.25 2 2
github.com/aopoltorzhicky/go_kraken/websocket/factories.go:165.2,165.20 1 2
github.com/aopoltorzhicky/go_kraken/websocket/factories.go:134.9,136.3 1 1
github.com/aopoltorzhicky/go_kraken/websocket/factories.go:138.25,141.32 3 4
github.com/aopoltorzhicky/go_kraken/websocket/factories.go:152.3,152.12 1 4
github.com/aopoltorzhicky/go_kraken/websocket/factories.go:141.32,150.4 4 6
github.com/aopoltorzhicky/go_kraken/websocket/factories.go:153.13,155.23 2 1
github.com/aopoltorzhicky/go_kraken/websocket/factories.go:156.12,157.23 1 1
github.com/aopoltorzhicky/go_kraken/websocket/factories.go:158.13,160.23 2 1
github.com/aopoltorzhicky/go_kraken/websocket/factories.go:161.12,162.23 1 1
github.com/aopoltorzhicky/go_kraken/websocket/messages.go:78.55,81.16 3 11
github.com/aopoltorzhicky/go_kraken/websocket/messages.go:87.2,88.9 2 9
github.com/aopoltorzhicky/go_kraken/websocket/messages.go:92.2,94.9 3 8
github.com/aopoltorzhicky/go_kraken/websocket/messages.go:97.2,98.9 2 7
github.com/aopoltorzhicky/go_kraken/websocket/messages.go:101.2,103.12 2 6
github.com/aopoltorzhicky/go_kraken/websocket/messages.go:81.16,83.3 1 1
github.com/aopoltorzhicky/go_kraken/websocket/messages.go:83.8,83.25 1 10
github.com/aopoltorzhicky/go_kraken/websocket/messages.go:83.25,85.3 1 1
github.com/aopoltorzhicky/go_kraken/websocket/messages.go:88.9,90.3 1 1
github.com/aopoltorzhicky/go_kraken/websocket/messages.go:94.9,96.3 1 1
github.com/aopoltorzhicky/go_kraken/websocket/messages.go:98.9,100.3 1 1
